E:\PROJECTS\MYSURF\IMAGE_ROTATION\IMAGE_ROTATION\DEBUG\IMAGE_ROTATION.EXE
E:\PROJECTS\MYSURF\IMAGE_ROTATION\IMAGE_ROTATION\DEBUG\IMAGE_ROTATION.ILK
E:\PROJECTS\MYSURF\IMAGE_ROTATION\IMAGE_ROTATION\DEBUG\IMAGE_ROTATION.PDB
E:\Projects\MySurf\Image_Rotation\Image_Rotation\Image_Rotation\Debug\cl.command.1.tlog
E:\Projects\MySurf\Image_Rotation\Image_Rotation\Image_Rotation\Debug\CL.read.1.tlog
E:\Projects\MySurf\Image_Rotation\Image_Rotation\Image_Rotation\Debug\CL.write.1.tlog
E:\PROJECTS\MYSURF\IMAGE_ROTATION\IMAGE_ROTATION\IMAGE_ROTATION\DEBUG\IMAGE_ROTATION.EXE.EMBED.MANIFEST
E:\PROJECTS\MYSURF\IMAGE_ROTATION\IMAGE_ROTATION\IMAGE_ROTATION\DEBUG\IMAGE_ROTATION.EXE.EMBED.MANIFEST.RES
E:\PROJECTS\MYSURF\IMAGE_ROTATION\IMAGE_ROTATION\IMAGE_ROTATION\DEBUG\IMAGE_ROTATION.EXE.INTERMEDIATE.MANIFEST
E:\Projects\MySurf\Image_Rotation\Image_Rotation\Image_Rotation\Debug\Image_Rotation_manifest.rc
E:\Projects\MySurf\Image_Rotation\Image_Rotation\Image_Rotation\Debug\link.5208.read.1.tlog
E:\Projects\MySurf\Image_Rotation\Image_Rotation\Image_Rotation\Debug\link.5208.write.1.tlog
E:\Projects\MySurf\Image_Rotation\Image_Rotation\Image_Rotation\Debug\link.5208-cvtres.read.1.tlog
E:\Projects\MySurf\Image_Rotation\Image_Rotation\Image_Rotation\Debug\link.5208-cvtres.write.1.tlog
E:\Projects\MySurf\Image_Rotation\Image_Rotation\Image_Rotation\Debug\link.9204.read.1.tlog
E:\Projects\MySurf\Image_Rotation\Image_Rotation\Image_Rotation\Debug\link.9204.write.1.tlog
E:\Projects\MySurf\Image_Rotation\Image_Rotation\Image_Rotation\Debug\link.9204-cvtres.read.1.tlog
E:\Projects\MySurf\Image_Rotation\Image_Rotation\Image_Rotation\Debug\link.9204-cvtres.write.1.tlog
E:\Projects\MySurf\Image_Rotation\Image_Rotation\Image_Rotation\Debug\link.command.1.tlog
E:\Projects\MySurf\Image_Rotation\Image_Rotation\Image_Rotation\Debug\link.read.1.tlog
E:\Projects\MySurf\Image_Rotation\Image_Rotation\Image_Rotation\Debug\link.write.1.tlog
E:\Projects\MySurf\Image_Rotation\Image_Rotation\Image_Rotation\Debug\link-cvtres.read.1.tlog
E:\Projects\MySurf\Image_Rotation\Image_Rotation\Image_Rotation\Debug\link-cvtres.write.1.tlog
E:\PROJECTS\MYSURF\IMAGE_ROTATION\IMAGE_ROTATION\IMAGE_ROTATION\DEBUG\MAIN.OBJ
E:\Projects\MySurf\Image_Rotation\Image_Rotation\Image_Rotation\Debug\mt.command.1.tlog
E:\Projects\MySurf\Image_Rotation\Image_Rotation\Image_Rotation\Debug\mt.read.1.tlog
E:\Projects\MySurf\Image_Rotation\Image_Rotation\Image_Rotation\Debug\mt.write.1.tlog
E:\Projects\MySurf\Image_Rotation\Image_Rotation\Image_Rotation\Debug\rc.command.1.tlog
E:\Projects\MySurf\Image_Rotation\Image_Rotation\Image_Rotation\Debug\rc.read.1.tlog
E:\Projects\MySurf\Image_Rotation\Image_Rotation\Image_Rotation\Debug\rc.write.1.tlog
E:\Projects\MySurf\Image_Rotation\Image_Rotation\Image_Rotation\Debug\vc100.idb
E:\PROJECTS\MYSURF\IMAGE_ROTATION\IMAGE_ROTATION\IMAGE_ROTATION\DEBUG\VC100.PDB
