生成启动时间为 2014/2/25 20:21:18。
     1>项目“E:\Projects\MySurf\Image_Rotation\Image_Rotation\Image_Rotation\Image_Rotation.vcxproj”在节点 2 上(build 个目标)。
     1>InitializeBuildStatus:
         正在创建“Debug\Image_Rotation.unsuccessfulbuild”，因为已指定“AlwaysCreate”。
       ClCompile:
         D:\Microsoft Visual Studio 10.0\VC\bin\CL.exe /c /ZI /nologo /W3 /WX- /Od /Oy- /D WIN32 /D _DEBUG /D _CONSOLE /D _UNICODE /D UNICODE /Gm /EHsc /RTC1 /MDd /GS /fp:precise /Zc:wchar_t /Zc:forScope /Fo"Debug\\" /Fd"Debug\vc100.pdb" /Gd /TP /analyze- /errorReport:prompt main.cpp
         main.cpp
       ManifestResourceCompile:
         所有输出均为最新。
       Link:
         D:\Microsoft Visual Studio 10.0\VC\bin\link.exe /ERRORREPORT:PROMPT /OUT:"E:\Projects\MySurf\Image_Rotation\Image_Rotation\Debug\Image_Rotation.exe" /INCREMENTAL /NOLOGO opencv_calib3d244.lib opencv_contrib244.lib opencv_core244d.lib opencv_features2d244.lib opencv_flann244.lib opencv_gpu244.lib opencv_highgui244.lib opencv_imgproc244.lib opencv_legacy244.lib opencv_ml244.lib opencv_objdetect244.lib opencv_ts244.lib opencv_video244.lib opencv_calib3d244.lib opencv_contrib244.lib opencv_core244.lib opencv_features2d244.lib opencv_flann244.lib opencv_gpu244.lib opencv_highgui244.lib opencv_imgproc244.lib opencv_legacy244.lib opencv_ml244.lib opencv_objdetect244.lib opencv_ts244.lib opencv_video244.lib kernel32.lib user32.lib gdi32.lib winspool.lib comdlg32.lib advapi32.lib shell32.lib ole32.lib oleaut32.lib uuid.lib odbc32.lib odbccp32.lib /MANIFEST /ManifestFile:"Debug\Image_Rotation.exe.intermediate.manifest" /MANIFESTUAC:"level='asInvoker' uiAccess='false'" /DEBUG /PDB:"E:\Projects\MySurf\Image_Rotation\Image_Rotation\Debug\Image_Rotation.pdb" /SUBSYSTEM:CONSOLE /TLBID:1 /DYNAMICBASE /NXCOMPAT /IMPLIB:"E:\Projects\MySurf\Image_Rotation\Image_Rotation\Debug\Image_Rotation.lib" /MACHINE:X86 Debug\Image_Rotation.exe.embed.manifest.res
         Debug\main.obj
       Manifest:
         C:\Program Files\Microsoft SDKs\Windows\v7.0A\bin\mt.exe /nologo /verbose /out:"Debug\Image_Rotation.exe.embed.manifest" /manifest Debug\Image_Rotation.exe.intermediate.manifest
         所有输出均为最新。
       LinkEmbedManifest:
         所有输出均为最新。
         Image_Rotation.vcxproj -> E:\Projects\MySurf\Image_Rotation\Image_Rotation\Debug\Image_Rotation.exe
       FinalizeBuildStatus:
         正在删除文件“Debug\Image_Rotation.unsuccessfulbuild”。
         正在对“Debug\Image_Rotation.lastbuildstate”执行 Touch 任务。
     1>已完成生成项目“E:\Projects\MySurf\Image_Rotation\Image_Rotation\Image_Rotation\Image_Rotation.vcxproj”(build 个目标)的操作。

生成成功。

已用时间 00:00:02.68
