生成启动时间为 2017/3/25 10:08:36。
     1>项目“H:\VS2015\Surf_Match\Surf\Surf\Surf.vcxproj”在节点 2 上(Build 个目标)。
     1>ClCompile:
         D:\Microsoft Visual Studio 14.0\VC\bin\x86_amd64\CL.exe /c /Zi /nologo /W3 /WX- /O2 /Oi /GL /D WIN32 /D NDEBUG /D _CONSOLE /D _UNICODE /D UNICODE /Gm- /EHsc /MD /GS /Gy /fp:precise /Zc:wchar_t /Zc:forScope /Zc:inline /Fo"x64\Release\\" /Fd"x64\Release\vc140.pdb" /Gd /TP /errorReport:prompt main.cpp
         main.cpp
     1>D:\openCV\opencv\build\include\opencv2/core/mat.hpp(1965): warning C4819: 该文件包含不能在当前代码页(936)中表示的字符。请将该文件保存为 Unicode 格式以防止数据丢失
     1>D:\openCV\opencv\build\include\opencv2/core/persistence.hpp : warning C4819: 该文件包含不能在当前代码页(936)中表示的字符。请将该文件保存为 Unicode 格式以防止数据丢失
     1>D:\openCV\opencv\build\include\opencv2/core/utility.hpp : warning C4819: 该文件包含不能在当前代码页(936)中表示的字符。请将该文件保存为 Unicode 格式以防止数据丢失
     1>main.cpp(95): warning C4244: “参数”: 从“double”转换到“int”，可能丢失数据
     1>main.cpp(109): warning C4244: “参数”: 从“double”转换到“int”，可能丢失数据
       Link:
         D:\Microsoft Visual Studio 14.0\VC\bin\x86_amd64\link.exe /ERRORREPORT:PROMPT /OUT:"H:\VS2015\Surf_Match\Surf\x64\Release\Surf.exe" /INCREMENTAL:NO /NOLOGO opencv_world310.lib kernel32.lib user32.lib gdi32.lib winspool.lib comdlg32.lib advapi32.lib shell32.lib ole32.lib oleaut32.lib uuid.lib odbc32.lib odbccp32.lib /MANIFEST /MANIFESTUAC:"level='asInvoker' uiAccess='false'" /manifest:embed /Debug /PDB:"H:\VS2015\Surf_Match\Surf\x64\Release\Surf.pdb" /SUBSYSTEM:CONSOLE /OPT:REF /OPT:ICF /LTCG:incremental /TLBID:1 /DYNAMICBASE /NXCOMPAT /IMPLIB:"H:\VS2015\Surf_Match\Surf\x64\Release\Surf.lib" /MACHINE:X64 x64\Release\cvsurf.obj
         x64\Release\levenberg_marquardt.obj
         x64\Release\main.obj
         正在生成代码
         0 of 32 functions ( 0.0%) were compiled, the rest were copied from previous compilation.
           0 functions were new in current compilation
           0 functions had inline decision re-evaluated but remain unchanged
         已完成代码的生成
         Surf.vcxproj -> H:\VS2015\Surf_Match\Surf\x64\Release\Surf.exe
     1>已完成生成项目“H:\VS2015\Surf_Match\Surf\Surf\Surf.vcxproj”(Build 个目标)的操作。

已成功生成。

已用时间 00:00:00.85
