E:\PROJECTS\MYSURF\SURF_MATCH\SURF\DEBUG\SURF.EXE
E:\PROJECTS\MYSURF\SURF_MATCH\SURF\DEBUG\SURF.ILK
E:\PROJECTS\MYSURF\SURF_MATCH\SURF\DEBUG\SURF.PDB
E:\Projects\MySurf\Surf_Match\Surf\Surf\Debug\cl.command.1.tlog
E:\Projects\MySurf\Surf_Match\Surf\Surf\Debug\CL.read.1.tlog
E:\Projects\MySurf\Surf_Match\Surf\Surf\Debug\CL.write.1.tlog
E:\PROJECTS\MYSURF\SURF_MATCH\SURF\SURF\DEBUG\CVSURF.OBJ
E:\PROJECTS\MYSURF\SURF_MATCH\SURF\SURF\DEBUG\LEVENBERG_MARQUARDT.OBJ
E:\Projects\MySurf\Surf_Match\Surf\Surf\Debug\link.command.1.tlog
E:\Projects\MySurf\Surf_Match\Surf\Surf\Debug\link.read.1.tlog
E:\Projects\MySurf\Surf_Match\Surf\Surf\Debug\link.write.1.tlog
E:\Projects\MySurf\Surf_Match\Surf\Surf\Debug\link-cvtres.read.1.tlog
E:\Projects\MySurf\Surf_Match\Surf\Surf\Debug\link-cvtres.write.1.tlog
E:\PROJECTS\MYSURF\SURF_MATCH\SURF\SURF\DEBUG\MAIN.OBJ
E:\Projects\MySurf\Surf_Match\Surf\Surf\Debug\mt.command.1.tlog
E:\Projects\MySurf\Surf_Match\Surf\Surf\Debug\mt.read.1.tlog
E:\Projects\MySurf\Surf_Match\Surf\Surf\Debug\mt.write.1.tlog
E:\Projects\MySurf\Surf_Match\Surf\Surf\Debug\rc.command.1.tlog
E:\Projects\MySurf\Surf_Match\Surf\Surf\Debug\rc.read.1.tlog
E:\Projects\MySurf\Surf_Match\Surf\Surf\Debug\rc.write.1.tlog
E:\PROJECTS\MYSURF\SURF_MATCH\SURF\SURF\DEBUG\SURF.EXE.EMBED.MANIFEST
E:\PROJECTS\MYSURF\SURF_MATCH\SURF\SURF\DEBUG\SURF.EXE.EMBED.MANIFEST.RES
E:\PROJECTS\MYSURF\SURF_MATCH\SURF\SURF\DEBUG\SURF.EXE.INTERMEDIATE.MANIFEST
E:\Projects\MySurf\Surf_Match\Surf\Surf\Debug\Surf_manifest.rc
E:\Projects\MySurf\Surf_Match\Surf\Surf\Debug\vc100.idb
E:\PROJECTS\MYSURF\SURF_MATCH\SURF\SURF\DEBUG\VC100.PDB
