生成启动时间为 2014/6/10 20:52:44。
     1>项目“E:\Projects\MySurf\Surf_Match\Surf\Surf\Surf.vcxproj”在节点 2 上(build 个目标)。
     1>InitializeBuildStatus:
         正在创建“Debug\Surf.unsuccessfulbuild”，因为已指定“AlwaysCreate”。
       ClCompile:
         D:\Microsoft Visual Studio 10.0\VC\bin\CL.exe /c /ZI /nologo /W3 /WX- /Od /Oy- /D WIN32 /D _DEBUG /D _CONSOLE /D _UNICODE /D UNICODE /Gm /EHsc /RTC1 /MDd /GS /fp:precise /Zc:wchar_t /Zc:forScope /Fo"Debug\\" /Fd"Debug\vc100.pdb" /Gd /TP /analyze- /errorReport:prompt cvsurf.cpp
         cvsurf.cpp
     1>e:\projects\mysurf\surf_match\surf\surf\cvsurf.cpp(385): warning C4244: “参数”: 从“double”转换到“float”，可能丢失数据
     1>e:\projects\mysurf\surf_match\surf\surf\cvsurf.cpp(385): warning C4244: “参数”: 从“double”转换到“float”，可能丢失数据
     1>e:\projects\mysurf\surf_match\surf\surf\cvsurf.cpp(427): warning C4244: “参数”: 从“double”转换到“float”，可能丢失数据
     1>e:\projects\mysurf\surf_match\surf\surf\cvsurf.cpp(427): warning C4244: “参数”: 从“double”转换到“float”，可能丢失数据
     1>e:\projects\mysurf\surf_match\surf\surf\cvsurf.cpp(835): warning C4101: “y”: 未引用的局部变量
     1>e:\projects\mysurf\surf_match\surf\surf\cvsurf.cpp(835): warning C4101: “x”: 未引用的局部变量
     1>e:\projects\mysurf\surf_match\surf\surf\cvsurf.cpp(901): warning C4244: “=”: 从“double”转换到“int”，可能丢失数据
     1>e:\projects\mysurf\surf_match\surf\surf\cvsurf.cpp(894): warning C4101: “Temp”: 未引用的局部变量
       ManifestResourceCompile:
         所有输出均为最新。
       Link:
         D:\Microsoft Visual Studio 10.0\VC\bin\link.exe /ERRORREPORT:PROMPT /OUT:"E:\Projects\MySurf\Surf_Match\Surf\Debug\Surf.exe" /INCREMENTAL /NOLOGO opencv_calib3d244d.lib opencv_contrib244d.lib opencv_core244d.lib opencv_features2d244d.lib opencv_flann244d.lib opencv_gpu244d.lib opencv_highgui244d.lib opencv_imgproc244d.lib opencv_legacy244d.lib opencv_ml244d.lib opencv_objdetect244d.lib opencv_ts244d.lib opencv_video244d.lib opencv_calib3d244.lib opencv_contrib244.lib opencv_core244.lib opencv_features2d244.lib opencv_flann244.lib opencv_gpu244.lib opencv_highgui244.lib opencv_imgproc244.lib opencv_legacy244.lib opencv_ml244.lib opencv_objdetect244.lib opencv_ts244.lib opencv_video244.lib kernel32.lib user32.lib gdi32.lib winspool.lib comdlg32.lib advapi32.lib shell32.lib ole32.lib oleaut32.lib uuid.lib odbc32.lib odbccp32.lib /MANIFEST /ManifestFile:"Debug\Surf.exe.intermediate.manifest" /MANIFESTUAC:"level='asInvoker' uiAccess='false'" /DEBUG /PDB:"E:\Projects\MySurf\Surf_Match\Surf\Debug\Surf.pdb" /SUBSYSTEM:CONSOLE /TLBID:1 /DYNAMICBASE /NXCOMPAT /IMPLIB:"E:\Projects\MySurf\Surf_Match\Surf\Debug\Surf.lib" /MACHINE:X86 Debug\Surf.exe.embed.manifest.res
         Debug\cvsurf.obj
         Debug\levenberg_marquardt.obj
         Debug\main.obj
       Manifest:
         C:\Program Files\Microsoft SDKs\Windows\v7.0A\bin\mt.exe /nologo /verbose /out:"Debug\Surf.exe.embed.manifest" /manifest Debug\Surf.exe.intermediate.manifest
         所有输出均为最新。
       LinkEmbedManifest:
         所有输出均为最新。
         Surf.vcxproj -> E:\Projects\MySurf\Surf_Match\Surf\Debug\Surf.exe
       FinalizeBuildStatus:
         正在删除文件“Debug\Surf.unsuccessfulbuild”。
         正在对“Debug\Surf.lastbuildstate”执行 Touch 任务。
     1>已完成生成项目“E:\Projects\MySurf\Surf_Match\Surf\Surf\Surf.vcxproj”(build 个目标)的操作。

生成成功。

已用时间 00:00:03.47
